2025-06-26 18:16:28,438 - environment - INFO - D2D Environment initialized successfully
2025-06-26 18:16:28,612 - models.gnn - INFO - GNN model initialized successfully
2025-06-26 18:16:28,612 - models.dqn_agent - INFO - DQN Agent initialized successfully
2025-06-26 18:16:28,612 - models.dqn_agent - INFO - DQN Agent initialized successfully
2025-06-26 18:16:28,612 - models.dqn_agent - INFO - DQN Agent initialized successfully
2025-06-26 18:16:28,612 - models.dqn_agent - INFO - DQN Agent initialized successfully
2025-06-26 18:16:28,620 - models.dqn_agent - INFO - DQN Agent initialized successfully
2025-06-26 18:16:28,621 - models.dqn_agent - INFO - DQN Agent initialized successfully
2025-06-26 18:16:28,623 - models.dqn_agent - INFO - DQN Agent initialized successfully
2025-06-26 18:16:28,625 - models.dqn_agent - INFO - DQN Agent initialized successfully
2025-06-26 18:16:28,626 - models.dqn_agent - INFO - DQN Agent initialized successfully
2025-06-26 18:16:28,626 - models.dqn_agent - INFO - DQN Agent initialized successfully
2025-06-26 18:16:28,626 - train - INFO - GNN-MARL System initialized successfully
2025-06-26 18:16:28,626 - __main__ - INFO - Starting training process...
2025-06-26 18:16:28,626 - train - INFO - Starting GNN-MARL Training for 100 episodes
2025-06-26 18:16:30,536 - train - INFO - Episode    0 | Sum Rate:  29.53 Mbps | Avg SINR:  49.4 dB | Steps: 100 | Epsilon: 0.708
2025-06-26 18:20:58,998 - train - INFO - 
Training Completed in 270.4 seconds!
2025-06-26 18:20:59,056 - train - INFO - Models saved to ./saved_models
2025-06-26 18:20:59,625 - utils.visualization - INFO - Saved training plots
2025-06-26 18:20:59,625 - __main__ - INFO - Starting evaluation process...
2025-06-26 18:20:59,625 - evaluate - INFO - Evaluating system for 100 episodes...
2025-06-26 18:21:19,339 - evaluate - INFO - Evaluation completed successfully
2025-06-26 18:21:19,753 - utils.visualization - INFO - Saved evaluation plots
2025-06-26 18:21:19,754 - __main__ - INFO - Application completed successfully
